Using pre-set license
Built from '2020.3/release' branch; Version is '2020.3.1f1 (77a89f25062f) revision 7841951'; Using compiler version '192528614'; Build Type 'Release'
OS: 'Windows 10 Home; OS build 18363.1440; Version 1909; 64bit' Language: 'en' Physical Memory: 8058 MB
BatchMode: 1, IsHumanControllingUs: 0, StartBugReporterOnCrash: 0, Is64bit: 1, IsPro: 0

 COMMAND LINE ARGUMENTS:
C:\Program Files\Unity\Hub\Editor\2020.3.1f1\Editor\Unity.exe
-adb2
-batchMode
-noUpm
-name
AssetImportWorker3
-projectPath
C:/Users/Bega Valley Library/Reed's Funni Game
-logFile
Logs/AssetImportWorker3.log
-srvPort
53197
Successfully changed project path to: C:/Users/Bega Valley Library/Reed's Funni Game
C:/Users/Bega Valley Library/Reed's Funni Game
Using Asset Import Pipeline V2.
Refreshing native plugins compatible for Editor in 110.32 ms, found 1 plugins.
Preloading 0 native plugins for Editor in 0.00 ms.
Initialize engine version: 2020.3.1f1 (77a89f25062f)
[Subsystems] Discovering subsystems at path C:/Program Files/Unity/Hub/Editor/2020.3.1f1/Editor/Data/Resources/UnitySubsystems
[Subsystems] Discovering subsystems at path C:/Users/Bega Valley Library/Reed's Funni Game/Assets
GfxDevice: creating device client; threaded=0
Direct3D:
    Version:  Direct3D 11.0 [level 11.0]
    Renderer: NVIDIA GeForce 920M (ID=0x1299)
    Vendor:   
    VRAM:     2020 MB
    Driver:   21.21.13.7654
Initialize mono
Mono path[0] = 'C:/Program Files/Unity/Hub/Editor/2020.3.1f1/Editor/Data/Managed'
Mono path[1] = 'C:/Program Files/Unity/Hub/Editor/2020.3.1f1/Editor/Data/MonoBleedingEdge/lib/mono/unityjit'
Mono config path = 'C:/Program Files/Unity/Hub/Editor/2020.3.1f1/Editor/Data/MonoBleedingEdge/etc'
Using monoOptions --debugger-agent=transport=dt_socket,embedding=1,server=y,suspend=n,address=127.0.0.1:56196
Begin MonoManager ReloadAssembly
Registering precompiled unity dll's ...
Register platform support module: C:/Program Files/Unity/Hub/Editor/2020.3.1f1/Editor/Data/PlaybackEngines/WebGLSupport/UnityEditor.WebGL.Extensions.dll
Register platform support module: C:/Program Files/Unity/Hub/Editor/2020.3.1f1/Editor/Data/PlaybackEngines/WindowsStandaloneSupport/UnityEditor.WindowsStandalone.Extensions.dll
Registered in 0.004896 seconds.
Native extension for WindowsStandalone target not found
Native extension for WebGL target not found
Refreshing native plugins compatible for Editor in 58.38 ms, found 1 plugins.
Preloading 0 native plugins for Editor in 0.00 ms.
Invoked RoslynAnalysisRunner static constructor.
RoslynAnalysisRunner will not be running.
RoslynAnalysisRunner has terminated.
Mono: successfully reloaded assembly
- Completed reload, in  4.387 seconds
Platform modules already initialized, skipping
Registering precompiled user dll's ...
Registered in 0.002450 seconds.
Begin MonoManager ReloadAssembly
Native extension for WindowsStandalone target not found
Native extension for WebGL target not found
Refreshing native plugins compatible for Editor in 61.73 ms, found 1 plugins.
Preloading 0 native plugins for Editor in 0.00 ms.
Invoked RoslynAnalysisRunner static constructor.
RoslynAnalysisRunner will not be running.
RoslynAnalysisRunner has terminated.
Mono: successfully reloaded assembly
- Completed reload, in  1.612 seconds
Platform modules already initialized, skipping
========================================================================
Worker process is ready to serve import requests
Launched and connected shader compiler UnityShaderCompiler.exe after 0.11 seconds
Refreshing native plugins compatible for Editor in 0.39 ms, found 1 plugins.
Preloading 0 native plugins for Editor in 0.02 ms.
Unloading 1807 Unused Serialized files (Serialized files now loaded: 0)
System memory in use before: 84.6 MB.
System memory in use after: 84.6 MB.

Unloading 24 unused Assets to reduce memory usage. Loaded Objects now: 2249.
Total: 3.505000 ms (FindLiveObjects: 0.344900 ms CreateObjectMapping: 0.104000 ms MarkObjects: 2.863800 ms  DeleteObjects: 0.190100 ms)

========================================================================
Received Import Request.
  path: Assets/tiles/walls_2.asset
  artifactKey: Guid(0a3ab31c0d4ebfb42b168839cb5ba9ca) Importer(815301076,1909f56bfc062723c751e8b465ee728b)
Start importing Assets/tiles/walls_2.asset using Guid(0a3ab31c0d4ebfb42b168839cb5ba9ca) Importer(815301076,1909f56bfc062723c751e8b465ee728b)  -> (artifact id: 'cb3e9f12c5e3f9aae82b16f3fb93e996') in 2.905952 seconds
  Import took 3.032326 seconds .

========================================================================
Received Import Request.
  Time since last request: 0.000987 seconds.
  path: Assets/tiles/walls_9.asset
  artifactKey: Guid(37f6240d2fa13364fb8994a58ae3bdb0) Importer(815301076,1909f56bfc062723c751e8b465ee728b)
Start importing Assets/tiles/walls_9.asset using Guid(37f6240d2fa13364fb8994a58ae3bdb0) Importer(815301076,1909f56bfc062723c751e8b465ee728b)  -> (artifact id: 'b0f05a6ab3cded6b2cd911716022e971') in 0.076851 seconds
  Import took 0.112724 seconds .

========================================================================
Received Import Request.
  Time since last request: 0.000464 seconds.
  path: Assets/tiles/walls_11.asset
  artifactKey: Guid(28a08d8b44e55b242a8eb0a045d9d182) Importer(815301076,1909f56bfc062723c751e8b465ee728b)
Start importing Assets/tiles/walls_11.asset using Guid(28a08d8b44e55b242a8eb0a045d9d182) Importer(815301076,1909f56bfc062723c751e8b465ee728b)  -> (artifact id: 'aea3cd96d91a40596b53fa79c705327b') in 0.039633 seconds
  Import took 0.080129 seconds .

========================================================================
Received Import Request.
  Time since last request: 0.000566 seconds.
  path: Assets/tiles/walls_5.asset
  artifactKey: Guid(07817ea6664554c4e9c8caa55befbc0d) Importer(815301076,1909f56bfc062723c751e8b465ee728b)
Start importing Assets/tiles/walls_5.asset using Guid(07817ea6664554c4e9c8caa55befbc0d) Importer(815301076,1909f56bfc062723c751e8b465ee728b)  -> (artifact id: 'af41b72d92156715812fa87d52107554') in 0.024763 seconds
  Import took 0.066810 seconds .

========================================================================
Received Import Request.
  Time since last request: 0.000620 seconds.
  path: Assets/tiles/rooms.prefab
  artifactKey: Guid(dd77791db0f1af94d8f2d531ecbd5264) Importer(815301076,1909f56bfc062723c751e8b465ee728b)
Start importing Assets/tiles/rooms.prefab using Guid(dd77791db0f1af94d8f2d531ecbd5264) Importer(815301076,1909f56bfc062723c751e8b465ee728b)  -> (artifact id: '380edc2f7febcbc135f54916a96dd139') in 0.124223 seconds
  Import took 0.238622 seconds .

========================================================================
Received Import Request.
  Time since last request: 0.000433 seconds.
  path: Assets/tiles/walls_7.asset
  artifactKey: Guid(514f56025ad5566439b547a67a18a4a7) Importer(815301076,1909f56bfc062723c751e8b465ee728b)
Start importing Assets/tiles/walls_7.asset using Guid(514f56025ad5566439b547a67a18a4a7) Importer(815301076,1909f56bfc062723c751e8b465ee728b)  -> (artifact id: '882575c3180a694dca1e132f386b5314') in 0.208272 seconds
  Import took 0.269311 seconds .

========================================================================
Received Import Request.
  Time since last request: 0.000786 seconds.
  path: Assets/tiles/walls_6.asset
  artifactKey: Guid(ea591222752179040b6ee27eec425279) Importer(815301076,1909f56bfc062723c751e8b465ee728b)
Start importing Assets/tiles/walls_6.asset using Guid(ea591222752179040b6ee27eec425279) Importer(815301076,1909f56bfc062723c751e8b465ee728b)  -> (artifact id: '4e87a8d1272cbd9445c6313c7b1e95ba') in 0.065336 seconds
  Import took 0.140430 seconds .

========================================================================
Received Import Request.
  Time since last request: 0.000423 seconds.
  path: Assets/tiles/walls_0.asset
  artifactKey: Guid(24a368b002c9b5849ba1b5e11feca2d4) Importer(815301076,1909f56bfc062723c751e8b465ee728b)
Start importing Assets/tiles/walls_0.asset using Guid(24a368b002c9b5849ba1b5e11feca2d4) Importer(815301076,1909f56bfc062723c751e8b465ee728b)  -> (artifact id: '89d1fb49bf367776e3d231d03f0807de') in 0.079863 seconds
  Import took 0.085350 seconds .

========================================================================
Received Import Request.
  Time since last request: 0.000544 seconds.
  path: Assets/tiles/walls_1.asset
  artifactKey: Guid(ad71981c0c5b64948951d4d04f490b97) Importer(815301076,1909f56bfc062723c751e8b465ee728b)
Start importing Assets/tiles/walls_1.asset using Guid(ad71981c0c5b64948951d4d04f490b97) Importer(815301076,1909f56bfc062723c751e8b465ee728b)  -> (artifact id: 'b6a0ba0010783ddc57fe224357d80696') in 0.029656 seconds
  Import took 0.068736 seconds .

========================================================================
Received Import Request.
  Time since last request: 0.000402 seconds.
  path: Assets/tiles/walls_4.asset
  artifactKey: Guid(6a8880e8557a51f4a9a3faff175f046b) Importer(815301076,1909f56bfc062723c751e8b465ee728b)
Start importing Assets/tiles/walls_4.asset using Guid(6a8880e8557a51f4a9a3faff175f046b) Importer(815301076,1909f56bfc062723c751e8b465ee728b)  -> (artifact id: 'bb99628b7294dfb02e11d571858bfbd0') in 0.128714 seconds
  Import took 0.207000 seconds .

========================================================================
Received Import Request.
  Time since last request: 0.000401 seconds.
  path: Assets/tiles
  artifactKey: Guid(483d656bc8a9c0646a80afa9dd0901a1) Importer(815301076,1909f56bfc062723c751e8b465ee728b)
Start importing Assets/tiles using Guid(483d656bc8a9c0646a80afa9dd0901a1) Importer(815301076,1909f56bfc062723c751e8b465ee728b)  -> (artifact id: '1623dc54eca1c92abcb7104d21514c1e') in 0.005473 seconds
  Import took 0.031126 seconds .

========================================================================
Received Import Request.
  Time since last request: 0.000468 seconds.
  path: Assets/tiles/walls_3.asset
  artifactKey: Guid(134ac35bd6c0ec242b2977dc80597b37) Importer(815301076,1909f56bfc062723c751e8b465ee728b)
Start importing Assets/tiles/walls_3.asset using Guid(134ac35bd6c0ec242b2977dc80597b37) Importer(815301076,1909f56bfc062723c751e8b465ee728b)  -> (artifact id: '481f77258ca36509fa22106bc7a62ba7') in 0.026201 seconds
  Import took 0.065315 seconds .

========================================================================
Received Import Request.
  Time since last request: 0.000425 seconds.
  path: Assets/tiles/walls_10.asset
  artifactKey: Guid(87e5aab88e04d2e40ba4e2397dde02b7) Importer(815301076,1909f56bfc062723c751e8b465ee728b)
Start importing Assets/tiles/walls_10.asset using Guid(87e5aab88e04d2e40ba4e2397dde02b7) Importer(815301076,1909f56bfc062723c751e8b465ee728b)  -> (artifact id: '3907e00c8084e71ec3acd67b423bb464') in 0.095842 seconds
  Import took 0.164473 seconds .

========================================================================
Received Import Request.
  Time since last request: 0.000435 seconds.
  path: Assets/tiles/walls_12.asset
  artifactKey: Guid(0f6986d353a76394aa29384ac31cd4dc) Importer(815301076,1909f56bfc062723c751e8b465ee728b)
Start importing Assets/tiles/walls_12.asset using Guid(0f6986d353a76394aa29384ac31cd4dc) Importer(815301076,1909f56bfc062723c751e8b465ee728b)  -> (artifact id: '239b9aa62357478f4242a7972d3412ae') in 0.052050 seconds
  Import took 0.089002 seconds .

========================================================================
Received Import Request.
  Time since last request: 0.000392 seconds.
  path: Assets/tiles/walls_8.asset
  artifactKey: Guid(4bba6d852913cde40b21f2e25ecb98bb) Importer(815301076,1909f56bfc062723c751e8b465ee728b)
Start importing Assets/tiles/walls_8.asset using Guid(4bba6d852913cde40b21f2e25ecb98bb) Importer(815301076,1909f56bfc062723c751e8b465ee728b)  -> (artifact id: '2f14cf36cc46e8c67dafd9191b3c6224') in 0.076409 seconds
  Import took 0.142515 seconds .

AssetImportWorkerClient::OnTransportError - code=2 error=End of file
